<?xml version="1.0" encoding="UTF-8"?><testsuite failures="2" name="cucumber.runtime.formatter.JUnitFormatter" skipped="0" tests="6" time="27.348426">
<testcase classname="Validate SmartBearSoftware" name="Validate invalid login attempt" time="10.271101">
<system-out><![CDATA[Given user is on "http://secure.smartbearsoftware.com/samples/testcomplete12/WebOrders/login.aspx".passed
When user enters username as "abcd".........................................passed
And user enters password as "abcd1234"......................................passed
And user clicks on Login button.............................................passed
Then user should see "Invalid Login or Password." Message"..................passed
]]></system-out>
</testcase>
<testcase classname="Validate SmartBearSoftware" name="Validate valid login attempt" time="3.014829">
<system-out><![CDATA[Given user is on "http://secure.smartbearsoftware.com/samples/testcomplete12/WebOrders/login.aspx".passed
When user enters username as "Tester".......................................passed
And user enters password as "test"..........................................passed
And user clicks on Login button.............................................passed
]]></system-out>
</testcase>
<testcase classname="Validate SmartBearSoftware" name="Validate &quot;Web Orders&quot; menu items" time="2.621777">
<system-out><![CDATA[Given user is on "http://secure.smartbearsoftware.com/samples/testcomplete12/WebOrders/login.aspx".passed
When user enters username as "Tester".......................................passed
And user enters password as "test"..........................................passed
And user clicks on Login button.............................................passed
Then user should be routed to "http://secure.smartbearsoftware.com/samples/testcomplete12/weborders/".passed
And validate below menu items are displayed.................................passed
]]></system-out>
</testcase>
<testcase classname="Validate SmartBearSoftware" name="Validate &quot;Check All&quot; and &quot;Uncheck All&quot; links" time="3.229005">
<system-out><![CDATA[Given user is on "http://secure.smartbearsoftware.com/samples/testcomplete12/WebOrders/login.aspx".passed
When user enters username as "Tester".......................................passed
And user enters password as "test"..........................................passed
And user clicks on Login button.............................................passed
Then user should be routed to "http://secure.smartbearsoftware.com/samples/testcomplete12/weborders/".passed
When user clicks on "Check All" button......................................passed
Then all rows should be checked.............................................passed
When user clicks on "Uncheck All" button....................................passed
Then all rows should be unchecked...........................................passed
]]></system-out>
</testcase>
<testcase classname="Validate SmartBearSoftware" name="Validate adding new order" time="3.27903">
<failure message="org.openqa.selenium.InvalidSelectorException: invalid selector: Unable to locate an element with the xpath expression //input[contains(@type,‘text’)] because of the following error:&#10;SyntaxError: Failed to execute 'evaluate' on 'Document': The string '//input[contains(@type,‘text’)]' is not a valid XPath expression.&#10;  (Session info: chrome=97.0.4692.99)&#10;For documentation on this error, please visit: https://www.seleniumhq.org/exceptions/invalid_selector_exception.html&#10;Build info: version: '3.141.59', revision: 'e82be7d358', time: '2018-11-14T08:17:03'&#10;System info: host: 'Burak-MacBook-Pro.local', ip: 'fe80:0:0:0:c06:7621:dc57:5ef9%en0', os.name: 'Mac OS X', os.arch: 'x86_64', os.version: '10.16', java.version: '1.8.0_301'&#10;Driver info: org.openqa.selenium.chrome.ChromeDriver&#10;Capabilities {acceptInsecureCerts: false, browserName: chrome, browserVersion: 97.0.4692.99, chrome: {chromedriverVersion: 97.0.4692.71 (adefa7837d02a..., userDataDir: /var/folders/hc/n2kdzgjj42b...}, goog:chromeOptions: {debuggerAddress: localhost:58977}, javascriptEnabled: true, networkConnectionEnabled: false, pageLoadStrategy: normal, platform: MAC, platformName: MAC, proxy: Proxy(), setWindowRect: true, strictFileInteractability: false, timeouts: {implicit: 0, pageLoad: 300000, script: 30000}, unhandledPromptBehavior: dismiss and notify, webauthn:extension:credBlob: true, webauthn:extension:largeBlob: true, webauthn:virtualAuthenticators: true}&#10;Session ID: 0130fb7e957c93c989077bead66572f2&#10;*** Element info: {Using=xpath, value=//input[contains(@type,‘text’)]}&#10;&#9;at sun.reflect.NativeConstructorAccessorImpl.newInstance0(Native Method)&#10;&#9;at sun.reflect.NativeConstructorAccessorImpl.newInstance(NativeConstructorAccessorImpl.java:62)&#10;&#9;at sun.reflect.DelegatingConstructorAccessorImpl.newInstance(DelegatingConstructorAccessorImpl.java:45)&#10;&#9;at java.lang.reflect.Constructor.newInstance(Constructor.java:423)&#10;&#9;at org.openqa.selenium.remote.http.W3CHttpResponseCodec.createException(W3CHttpResponseCodec.java:187)&#10;&#9;at org.openqa.selenium.remote.http.W3CHttpResponseCodec.decode(W3CHttpResponseCodec.java:122)&#10;&#9;at org.openqa.selenium.remote.http.W3CHttpResponseCodec.decode(W3CHttpResponseCodec.java:49)&#10;&#9;at org.openqa.selenium.remote.HttpCommandExecutor.execute(HttpCommandExecutor.java:158)&#10;&#9;at org.openqa.selenium.remote.service.DriverCommandExecutor.execute(DriverCommandExecutor.java:83)&#10;&#9;at org.openqa.selenium.remote.RemoteWebDriver.execute(RemoteWebDriver.java:552)&#10;&#9;at org.openqa.selenium.remote.RemoteWebDriver.findElements(RemoteWebDriver.java:353)&#10;&#9;at org.openqa.selenium.remote.RemoteWebDriver.findElementsByXPath(RemoteWebDriver.java:432)&#10;&#9;at org.openqa.selenium.By$ByXPath.findElements(By.java:348)&#10;&#9;at org.openqa.selenium.remote.RemoteWebDriver.findElements(RemoteWebDriver.java:311)&#10;&#9;at org.openqa.selenium.support.pagefactory.DefaultElementLocator.findElements(DefaultElementLocator.java:85)&#10;&#9;at org.openqa.selenium.support.pagefactory.internal.LocatingElementListHandler.invoke(LocatingElementListHandler.java:36)&#10;&#9;at com.sun.proxy.$Proxy18.get(Unknown Source)&#10;&#9;at steps.SmartBearSoftwareSteps.userEntersAsQuantity(SmartBearSoftwareSteps.java:130)&#10;&#9;at ✽.user enters 2 as quantity(src/test/resources/features/validateSmartBearSoftware.feature:47)&#10;"><![CDATA[Given user is on "http://secure.smartbearsoftware.com/samples/testcomplete12/WebOrders/login.aspx".passed
When user enters username as "Tester".......................................passed
And user enters password as "test"..........................................passed
And user clicks on Login button.............................................passed
Then user should be routed to "http://secure.smartbearsoftware.com/samples/testcomplete12/weborders/".passed
When user clicks on "Order" menu item.......................................passed
And user selects "FamilyAlbum" as product...................................passed
And user enters 2 as quantity...............................................failed
And user enters all address information.....................................skipped
And user enters all payment information.....................................skipped
And user clicks on "Process" button.........................................skipped
And user clicks on "View all orders" menu item..............................skipped
Then user should see their order displayed in the "List of All Orders" table.skipped
And validate all information entered displayed correct with the order.......skipped

StackTrace:
org.openqa.selenium.InvalidSelectorException: invalid selector: Unable to locate an element with the xpath expression //input[contains(@type,‘text’)] because of the following error:
SyntaxError: Failed to execute 'evaluate' on 'Document': The string '//input[contains(@type,‘text’)]' is not a valid XPath expression.
  (Session info: chrome=97.0.4692.99)
For documentation on this error, please visit: https://www.seleniumhq.org/exceptions/invalid_selector_exception.html
Build info: version: '3.141.59', revision: 'e82be7d358', time: '2018-11-14T08:17:03'
System info: host: 'Burak-MacBook-Pro.local', ip: 'fe80:0:0:0:c06:7621:dc57:5ef9%en0', os.name: 'Mac OS X', os.arch: 'x86_64', os.version: '10.16', java.version: '1.8.0_301'
Driver info: org.openqa.selenium.chrome.ChromeDriver
Capabilities {acceptInsecureCerts: false, browserName: chrome, browserVersion: 97.0.4692.99, chrome: {chromedriverVersion: 97.0.4692.71 (adefa7837d02a..., userDataDir: /var/folders/hc/n2kdzgjj42b...}, goog:chromeOptions: {debuggerAddress: localhost:58977}, javascriptEnabled: true, networkConnectionEnabled: false, pageLoadStrategy: normal, platform: MAC, platformName: MAC, proxy: Proxy(), setWindowRect: true, strictFileInteractability: false, timeouts: {implicit: 0, pageLoad: 300000, script: 30000}, unhandledPromptBehavior: dismiss and notify, webauthn:extension:credBlob: true, webauthn:extension:largeBlob: true, webauthn:virtualAuthenticators: true}
Session ID: 0130fb7e957c93c989077bead66572f2
*** Element info: {Using=xpath, value=//input[contains(@type,‘text’)]}
	at sun.reflect.NativeConstructorAccessorImpl.newInstance0(Native Method)
	at sun.reflect.NativeConstructorAccessorImpl.newInstance(NativeConstructorAccessorImpl.java:62)
	at sun.reflect.DelegatingConstructorAccessorImpl.newInstance(DelegatingConstructorAccessorImpl.java:45)
	at java.lang.reflect.Constructor.newInstance(Constructor.java:423)
	at org.openqa.selenium.remote.http.W3CHttpResponseCodec.createException(W3CHttpResponseCodec.java:187)
	at org.openqa.selenium.remote.http.W3CHttpResponseCodec.decode(W3CHttpResponseCodec.java:122)
	at org.openqa.selenium.remote.http.W3CHttpResponseCodec.decode(W3CHttpResponseCodec.java:49)
	at org.openqa.selenium.remote.HttpCommandExecutor.execute(HttpCommandExecutor.java:158)
	at org.openqa.selenium.remote.service.DriverCommandExecutor.execute(DriverCommandExecutor.java:83)
	at org.openqa.selenium.remote.RemoteWebDriver.execute(RemoteWebDriver.java:552)
	at org.openqa.selenium.remote.RemoteWebDriver.findElements(RemoteWebDriver.java:353)
	at org.openqa.selenium.remote.RemoteWebDriver.findElementsByXPath(RemoteWebDriver.java:432)
	at org.openqa.selenium.By$ByXPath.findElements(By.java:348)
	at org.openqa.selenium.remote.RemoteWebDriver.findElements(RemoteWebDriver.java:311)
	at org.openqa.selenium.support.pagefactory.DefaultElementLocator.findElements(DefaultElementLocator.java:85)
	at org.openqa.selenium.support.pagefactory.internal.LocatingElementListHandler.invoke(LocatingElementListHandler.java:36)
	at com.sun.proxy.$Proxy18.get(Unknown Source)
	at steps.SmartBearSoftwareSteps.userEntersAsQuantity(SmartBearSoftwareSteps.java:130)
	at ✽.user enters 2 as quantity(src/test/resources/features/validateSmartBearSoftware.feature:47)
]]></failure>
</testcase>
<testcase classname="Validate SmartBearSoftware" name="Validate &quot;Delete Selected&quot; button" time="4.932684">
<failure message="org.openqa.selenium.NoSuchWindowException: no such window: target window already closed&#10;from unknown error: web view not found&#10;  (Session info: chrome=97.0.4692.99)&#10;Build info: version: '3.141.59', revision: 'e82be7d358', time: '2018-11-14T08:17:03'&#10;System info: host: 'Burak-MacBook-Pro.local', ip: 'fe80:0:0:0:c06:7621:dc57:5ef9%en0', os.name: 'Mac OS X', os.arch: 'x86_64', os.version: '10.16', java.version: '1.8.0_301'&#10;Driver info: org.openqa.selenium.chrome.ChromeDriver&#10;Capabilities {acceptInsecureCerts: false, browserName: chrome, browserVersion: 97.0.4692.99, chrome: {chromedriverVersion: 97.0.4692.71 (adefa7837d02a..., userDataDir: /var/folders/hc/n2kdzgjj42b...}, goog:chromeOptions: {debuggerAddress: localhost:59007}, javascriptEnabled: true, networkConnectionEnabled: false, pageLoadStrategy: normal, platform: MAC, platformName: MAC, proxy: Proxy(), setWindowRect: true, strictFileInteractability: false, timeouts: {implicit: 0, pageLoad: 300000, script: 30000}, unhandledPromptBehavior: dismiss and notify, webauthn:extension:credBlob: true, webauthn:extension:largeBlob: true, webauthn:virtualAuthenticators: true}&#10;Session ID: 885ce07c917a1416e26d787f6b2a2e45&#10;*** Element info: {Using=id, value=ctl00_MainContent_orderMessage}&#10;&#9;at sun.reflect.NativeConstructorAccessorImpl.newInstance0(Native Method)&#10;&#9;at sun.reflect.NativeConstructorAccessorImpl.newInstance(NativeConstructorAccessorImpl.java:62)&#10;&#9;at sun.reflect.DelegatingConstructorAccessorImpl.newInstance(DelegatingConstructorAccessorImpl.java:45)&#10;&#9;at java.lang.reflect.Constructor.newInstance(Constructor.java:423)&#10;&#9;at org.openqa.selenium.remote.http.W3CHttpResponseCodec.createException(W3CHttpResponseCodec.java:187)&#10;&#9;at org.openqa.selenium.remote.http.W3CHttpResponseCodec.decode(W3CHttpResponseCodec.java:122)&#10;&#9;at org.openqa.selenium.remote.http.W3CHttpResponseCodec.decode(W3CHttpResponseCodec.java:49)&#10;&#9;at org.openqa.selenium.remote.HttpCommandExecutor.execute(HttpCommandExecutor.java:158)&#10;&#9;at org.openqa.selenium.remote.service.DriverCommandExecutor.execute(DriverCommandExecutor.java:83)&#10;&#9;at org.openqa.selenium.remote.RemoteWebDriver.execute(RemoteWebDriver.java:552)&#10;&#9;at org.openqa.selenium.remote.RemoteWebDriver.findElement(RemoteWebDriver.java:323)&#10;&#9;at org.openqa.selenium.remote.RemoteWebDriver.findElementById(RemoteWebDriver.java:372)&#10;&#9;at org.openqa.selenium.By$ById.findElement(By.java:188)&#10;&#9;at org.openqa.selenium.remote.RemoteWebDriver.findElement(RemoteWebDriver.java:315)&#10;&#9;at org.openqa.selenium.support.pagefactory.DefaultElementLocator.findElement(DefaultElementLocator.java:69)&#10;&#9;at org.openqa.selenium.support.pagefactory.internal.LocatingElementHandler.invoke(LocatingElementHandler.java:38)&#10;&#9;at com.sun.proxy.$Proxy17.isDisplayed(Unknown Source)&#10;&#9;at steps.SmartBearSoftwareSteps.validateUserSeesMessage(SmartBearSoftwareSteps.java:172)&#10;&#9;at ✽.validate user sees &quot;List of orders is empty. In order to add new order use this link.&quot; Message(src/test/resources/features/validateSmartBearSoftware.feature:66)&#10;"><![CDATA[Given user is on "http://secure.smartbearsoftware.com/samples/testcomplete12/WebOrders/login.aspx".passed
When user enters username as "Tester".......................................passed
And user enters password as "test"..........................................passed
And user clicks on Login button.............................................passed
Then user should be routed to "http://secure.smartbearsoftware.com/samples/testcomplete12/weborders/".passed
When user clicks on "Check All" button......................................passed
And user clicks on "Delete Selected" button.................................passed
Then validate all orders are deleted from the "List of All Orders"..........passed
And validate user sees "List of orders is empty. In order to add new order use this link." Message.failed

StackTrace:
org.openqa.selenium.NoSuchWindowException: no such window: target window already closed
from unknown error: web view not found
  (Session info: chrome=97.0.4692.99)
Build info: version: '3.141.59', revision: 'e82be7d358', time: '2018-11-14T08:17:03'
System info: host: 'Burak-MacBook-Pro.local', ip: 'fe80:0:0:0:c06:7621:dc57:5ef9%en0', os.name: 'Mac OS X', os.arch: 'x86_64', os.version: '10.16', java.version: '1.8.0_301'
Driver info: org.openqa.selenium.chrome.ChromeDriver
Capabilities {acceptInsecureCerts: false, browserName: chrome, browserVersion: 97.0.4692.99, chrome: {chromedriverVersion: 97.0.4692.71 (adefa7837d02a..., userDataDir: /var/folders/hc/n2kdzgjj42b...}, goog:chromeOptions: {debuggerAddress: localhost:59007}, javascriptEnabled: true, networkConnectionEnabled: false, pageLoadStrategy: normal, platform: MAC, platformName: MAC, proxy: Proxy(), setWindowRect: true, strictFileInteractability: false, timeouts: {implicit: 0, pageLoad: 300000, script: 30000}, unhandledPromptBehavior: dismiss and notify, webauthn:extension:credBlob: true, webauthn:extension:largeBlob: true, webauthn:virtualAuthenticators: true}
Session ID: 885ce07c917a1416e26d787f6b2a2e45
*** Element info: {Using=id, value=ctl00_MainContent_orderMessage}
	at sun.reflect.NativeConstructorAccessorImpl.newInstance0(Native Method)
	at sun.reflect.NativeConstructorAccessorImpl.newInstance(NativeConstructorAccessorImpl.java:62)
	at sun.reflect.DelegatingConstructorAccessorImpl.newInstance(DelegatingConstructorAccessorImpl.java:45)
	at java.lang.reflect.Constructor.newInstance(Constructor.java:423)
	at org.openqa.selenium.remote.http.W3CHttpResponseCodec.createException(W3CHttpResponseCodec.java:187)
	at org.openqa.selenium.remote.http.W3CHttpResponseCodec.decode(W3CHttpResponseCodec.java:122)
	at org.openqa.selenium.remote.http.W3CHttpResponseCodec.decode(W3CHttpResponseCodec.java:49)
	at org.openqa.selenium.remote.HttpCommandExecutor.execute(HttpCommandExecutor.java:158)
	at org.openqa.selenium.remote.service.DriverCommandExecutor.execute(DriverCommandExecutor.java:83)
	at org.openqa.selenium.remote.RemoteWebDriver.execute(RemoteWebDriver.java:552)
	at org.openqa.selenium.remote.RemoteWebDriver.findElement(RemoteWebDriver.java:323)
	at org.openqa.selenium.remote.RemoteWebDriver.findElementById(RemoteWebDriver.java:372)
	at org.openqa.selenium.By$ById.findElement(By.java:188)
	at org.openqa.selenium.remote.RemoteWebDriver.findElement(RemoteWebDriver.java:315)
	at org.openqa.selenium.support.pagefactory.DefaultElementLocator.findElement(DefaultElementLocator.java:69)
	at org.openqa.selenium.support.pagefactory.internal.LocatingElementHandler.invoke(LocatingElementHandler.java:38)
	at com.sun.proxy.$Proxy17.isDisplayed(Unknown Source)
	at steps.SmartBearSoftwareSteps.validateUserSeesMessage(SmartBearSoftwareSteps.java:172)
	at ✽.validate user sees "List of orders is empty. In order to add new order use this link." Message(src/test/resources/features/validateSmartBearSoftware.feature:66)
]]></failure>
</testcase>
</testsuite>
